<?xml version="1.0" encoding="UTF-8"?>
<!-- Generated by org.testng.reporters.JUnitReportReporter -->
<testsuite ignored="1" hostname="DESKTOP-N2EREPF" failures="0" tests="1" name="eCommerce_tc_2" time="17.717" errors="0" timestamp="20 Nov 2022 22:12:35 GMT" skipped="0">
  <testcase classname="eCommerce_tc_2" name="FillForm" time="17.717"/>
  <testcase classname="eCommerce_tc_2" name="FillForm_ErrorValidation">
    <skipped/>
  </testcase> <!-- FillForm_ErrorValidation -->
</testsuite> <!-- eCommerce_tc_2 -->
